DEBUG  2023-11-11 14:18:17,458  219:  Found 176 episode directories.
DEBUG  2023-11-11 14:18:17,463  229:  Matching clusters for episode_id 606035 (S01E01)
DEBUG  2023-11-11 14:18:19,903  192:  Clustering for episode 606035.
DEBUG  2023-11-11 14:18:24,050  163:  Found 6 actors. Matching to clusters ...
DEBUG  2023-11-11 14:18:25,869  116:  Matching headshots for Dr. Gregory House to cluster 20.
DEBUG  2023-11-11 14:18:27,575  78:  Creating converter from 3 to 5
DEBUG  2023-11-11 14:18:40,378  139:  Matched Dr. Gregory House to cluster 20 with 0.69.
DEBUG  2023-11-11 14:18:40,379  171:  Dr. Gregory House matches 20 with 0.6866477272727274 confidence.
DEBUG  2023-11-11 14:18:42,236  116:  Matching headshots for Dr. Lisa Cuddy to cluster 2.
DEBUG  2023-11-11 14:18:49,333  139:  Matched Dr. Lisa Cuddy to cluster 2 with 0.19.
DEBUG  2023-11-11 14:18:51,079  116:  Matching headshots for Dr. Lisa Cuddy to cluster 0.
DEBUG  2023-11-11 14:18:54,839  139:  Matched Dr. Lisa Cuddy to cluster 0 with 0.24.
DEBUG  2023-11-11 14:18:56,388  116:  Matching headshots for Dr. Lisa Cuddy to cluster 16.
DEBUG  2023-11-11 14:19:01,629  139:  Matched Dr. Lisa Cuddy to cluster 16 with 0.2.
DEBUG  2023-11-11 14:19:03,154  116:  Matching headshots for Dr. Lisa Cuddy to cluster 25.
DEBUG  2023-11-11 14:19:07,410  139:  Matched Dr. Lisa Cuddy to cluster 25 with 0.51.
DEBUG  2023-11-11 14:19:07,410  171:  Dr. Lisa Cuddy matches 25 with 0.5052325581395349 confidence.
DEBUG  2023-11-11 14:19:09,021  116:  Matching headshots for Dr. Eric Foreman to cluster 2.
DEBUG  2023-11-11 14:19:13,171  139:  Matched Dr. Eric Foreman to cluster 2 with 0.18.
DEBUG  2023-11-11 14:19:14,740  116:  Matching headshots for Dr. Eric Foreman to cluster 0.
DEBUG  2023-11-11 14:19:19,373  139:  Matched Dr. Eric Foreman to cluster 0 with 0.41.
DEBUG  2023-11-11 14:19:20,795  116:  Matching headshots for Dr. Eric Foreman to cluster 16.
DEBUG  2023-11-11 14:19:26,174  139:  Matched Dr. Eric Foreman to cluster 16 with 0.49.
DEBUG  2023-11-11 14:19:27,766  116:  Matching headshots for Dr. Eric Foreman to cluster 23.
DEBUG  2023-11-11 14:19:31,426  139:  Matched Dr. Eric Foreman to cluster 23 with 0.19.
DEBUG  2023-11-11 14:19:33,319  116:  Matching headshots for Dr. Eric Foreman to cluster 22.
DEBUG  2023-11-11 14:19:38,367  139:  Matched Dr. Eric Foreman to cluster 22 with 0.19.
CRITICAL  2023-11-11 14:19:49,443  32:  IMDbDataAccessError exception raised; args: ({'errcode': None, 'errmsg': 'None', 'url': 'https://www.imdb.com/name/nm0004898/bio', 'proxy': '', 'exception type': 'IOError', 'original exception': <HTTPError 504: 'Gateway Time-out'>},); kwds: {}
Traceback (most recent call last):
  File "/home/amos/local/anaconda/envs/cf/lib/python3.9/site-packages/imdb/parser/http/__init__.py", line 233, in retrieve_unicode
    response = uopener.open(url)
  File "/home/amos/local/anaconda/envs/cf/lib/python3.9/urllib/request.py", line 523, in open
    response = meth(req, response)
  File "/home/amos/local/anaconda/envs/cf/lib/python3.9/urllib/request.py", line 632, in http_response
    response = self.parent.error(
  File "/home/amos/local/anaconda/envs/cf/lib/python3.9/urllib/request.py", line 561, in error
    return self._call_chain(*args)
  File "/home/amos/local/anaconda/envs/cf/lib/python3.9/urllib/request.py", line 494, in _call_chain
    result = func(*args)
  File "/home/amos/local/anaconda/envs/cf/lib/python3.9/urllib/request.py", line 641, in http_error_default
    raise HTTPError(req.full_url, code, msg, hdrs, fp)
urllib.error.HTTPError: HTTP Error 504: Gateway Time-out
CRITICAL  2023-11-11 14:19:49,444  850:  caught an exception retrieving or parsing "biography" info set for mopID "0004898" (accessSystem: http)
Traceback (most recent call last):
  File "/home/amos/local/anaconda/envs/cf/lib/python3.9/site-packages/imdb/parser/http/__init__.py", line 233, in retrieve_unicode
    response = uopener.open(url)
  File "/home/amos/local/anaconda/envs/cf/lib/python3.9/urllib/request.py", line 523, in open
    response = meth(req, response)
  File "/home/amos/local/anaconda/envs/cf/lib/python3.9/urllib/request.py", line 632, in http_response
    response = self.parent.error(
  File "/home/amos/local/anaconda/envs/cf/lib/python3.9/urllib/request.py", line 561, in error
    return self._call_chain(*args)
  File "/home/amos/local/anaconda/envs/cf/lib/python3.9/urllib/request.py", line 494, in _call_chain
    result = func(*args)
  File "/home/amos/local/anaconda/envs/cf/lib/python3.9/urllib/request.py", line 641, in http_error_default
    raise HTTPError(req.full_url, code, msg, hdrs, fp)
urllib.error.HTTPError: HTTP Error 504: Gateway Time-out

During handling of the above exception, another exception occurred:

Traceback (most recent call last):
  File "/home/amos/local/anaconda/envs/cf/lib/python3.9/site-packages/imdb/__init__.py", line 848, in update
    ret = method(mopID)
  File "/home/amos/local/anaconda/envs/cf/lib/python3.9/site-packages/imdb/parser/http/__init__.py", line 706, in get_person_biography
    cont = self._retrieve(self.urls['person_main'] % personID + 'bio')
  File "/home/amos/local/anaconda/envs/cf/lib/python3.9/site-packages/imdb/parser/http/__init__.py", line 392, in _retrieve
    ret = self.urlOpener.retrieve_unicode(url, size=size)
  File "/home/amos/local/anaconda/envs/cf/lib/python3.9/site-packages/imdb/parser/http/__init__.py", line 261, in retrieve_unicode
    raise IMDbDataAccessError(
imdb._exceptions.IMDbDataAccessError: {'errcode': None, 'errmsg': 'None', 'url': 'https://www.imdb.com/name/nm0004898/bio', 'proxy': '', 'exception type': 'IOError', 'original exception': <HTTPError 504: 'Gateway Time-out'>}
DEBUG  2023-11-11 14:19:51,760  116:  Matching headshots for Dr. Eric Foreman to cluster 19.
DEBUG  2023-11-11 14:19:56,893  139:  Matched Dr. Eric Foreman to cluster 19 with 0.18.
DEBUG  2023-11-11 14:19:58,374  116:  Matching headshots for Dr. Eric Foreman to cluster 4.
DEBUG  2023-11-11 14:20:01,987  139:  Matched Dr. Eric Foreman to cluster 4 with 0.16.
DEBUG  2023-11-11 14:20:01,988  171:  Dr. Eric Foreman matches 16 with 0.494170403587444 confidence.
DEBUG  2023-11-11 14:20:03,463  116:  Matching headshots for Dr. James Wilson to cluster 2.
DEBUG  2023-11-11 14:20:07,554  139:  Matched Dr. James Wilson to cluster 2 with 0.07.
DEBUG  2023-11-11 14:20:09,380  116:  Matching headshots for Dr. James Wilson to cluster 0.
DEBUG  2023-11-11 14:20:14,159  139:  Matched Dr. James Wilson to cluster 0 with 0.11.
DEBUG  2023-11-11 14:20:15,721  116:  Matching headshots for Dr. James Wilson to cluster 23.
DEBUG  2023-11-11 14:20:20,030  139:  Matched Dr. James Wilson to cluster 23 with 0.06.
DEBUG  2023-11-11 14:20:21,736  116:  Matching headshots for Dr. James Wilson to cluster 22.
DEBUG  2023-11-11 14:20:25,340  139:  Matched Dr. James Wilson to cluster 22 with 0.16.
DEBUG  2023-11-11 14:20:27,000  116:  Matching headshots for Dr. James Wilson to cluster 19.
DEBUG  2023-11-11 14:20:31,315  139:  Matched Dr. James Wilson to cluster 19 with 0.33.
DEBUG  2023-11-11 14:20:32,863  116:  Matching headshots for Dr. James Wilson to cluster 4.
DEBUG  2023-11-11 14:20:35,774  139:  Matched Dr. James Wilson to cluster 4 with 0.06.
DEBUG  2023-11-11 14:20:35,775  171:  Dr. James Wilson matches 19 with 0.33495934959349594 confidence.
DEBUG  2023-11-11 14:20:38,623  116:  Matching headshots for Dr. Allison Cameron to cluster 2.
DEBUG  2023-11-11 14:20:42,861  139:  Matched Dr. Allison Cameron to cluster 2 with 0.06.
DEBUG  2023-11-11 14:20:44,491  116:  Matching headshots for Dr. Allison Cameron to cluster 0.
DEBUG  2023-11-11 14:20:48,597  139:  Matched Dr. Allison Cameron to cluster 0 with 0.07.
DEBUG  2023-11-11 14:20:50,325  116:  Matching headshots for Dr. Allison Cameron to cluster 23.
DEBUG  2023-11-11 14:20:53,857  139:  Matched Dr. Allison Cameron to cluster 23 with 0.4.
DEBUG  2023-11-11 14:20:55,511  116:  Matching headshots for Dr. Allison Cameron to cluster 22.
DEBUG  2023-11-11 14:20:59,115  139:  Matched Dr. Allison Cameron to cluster 22 with 0.06.
DEBUG  2023-11-11 14:21:01,065  116:  Matching headshots for Dr. Allison Cameron to cluster 4.
DEBUG  2023-11-11 14:21:03,395  139:  Matched Dr. Allison Cameron to cluster 4 with 0.0.
DEBUG  2023-11-11 14:21:03,395  171:  Dr. Allison Cameron matches 23 with 0.4036585365853659 confidence.
DEBUG  2023-11-11 14:21:08,940  116:  Matching headshots for Dr. Robert Chase to cluster 2.
DEBUG  2023-11-11 14:21:13,361  139:  Matched Dr. Robert Chase to cluster 2 with 0.05.
DEBUG  2023-11-11 14:21:14,878  116:  Matching headshots for Dr. Robert Chase to cluster 0.
DEBUG  2023-11-11 14:21:18,885  139:  Matched Dr. Robert Chase to cluster 0 with 0.18.
DEBUG  2023-11-11 14:21:20,982  116:  Matching headshots for Dr. Robert Chase to cluster 22.
DEBUG  2023-11-11 14:21:24,300  139:  Matched Dr. Robert Chase to cluster 22 with 0.47.
DEBUG  2023-11-11 14:21:25,682  116:  Matching headshots for Dr. Robert Chase to cluster 4.
DEBUG  2023-11-11 14:21:28,105  139:  Matched Dr. Robert Chase to cluster 4 with 0.0.
DEBUG  2023-11-11 14:21:28,105  171:  Dr. Robert Chase matches 22 with 0.46689189189189195 confidence.
